# JRE version: Java(TM) SE Runtime Environment (8.0_202-b08) (build 1.8.0_202-b08)
# Java VM: Java HotSpot(TM) 64-Bit Server VM (25.202-b08 mixed mode windows-amd64 compressed oops)
Heap:
 PSYoungGen      total 81408K, used 5953K [0x00000000d6100000, 0x00000000dd500000, 0x0000000100000000)
  eden space 69120K, 8% used [0x00000000d6100000,0x00000000d66d0630,0x00000000da480000)
  from space 12288K, 0% used [0x00000000da480000,0x00000000da480000,0x00000000db080000)
  to   space 11776K, 0% used [0x00000000dc980000,0x00000000dc980000,0x00000000dd500000)
 ParOldGen       total 1375232K, used 609616K [0x0000000082200000, 0x00000000d6100000, 0x00000000d6100000)
  object space 1375232K, 44% used [0x0000000082200000,0x00000000a7554300,0x00000000d6100000)
 Metaspace       used 29656K, capacity 30900K, committed 31232K, reserved 1075200K
  class space    used 3882K, capacity 4502K, committed 4608K, reserved 1048576K
GC Heap History (10 events):
Event: 42.659 GC heap before
{Heap before GC invocations=19 (full 9):
 PSYoungGen      total 81408K, used 67482K [0x00000000d6100000, 0x00000000dd500000, 0x0000000100000000)
  eden space 69120K, 97% used [0x00000000d6100000,0x00000000da2e6918,0x00000000da480000)
  from space 12288K, 0% used [0x00000000da480000,0x00000000da480000,0x00000000db080000)
  to   space 11776K, 64% used [0x00000000dc980000,0x00000000dd0f19d8,0x00000000dd500000)
 ParOldGen       total 436736K, used 385075K [0x0000000082200000, 0x000000009cc80000, 0x00000000d6100000)
  object space 436736K, 88% used [0x0000000082200000,0x0000000099a0cf98,0x000000009cc80000)
 Metaspace       used 29409K, capacity 30606K, committed 30976K, reserved 1075200K
  class space    used 3877K, capacity 4495K, committed 4608K, reserved 1048576K
Event: 42.701 GC heap after
Heap after GC invocations=19 (full 9):
 PSYoungGen      total 81408K, used 67481K [0x00000000d6100000, 0x00000000dd500000, 0x0000000100000000)
  eden space 69120K, 97% used [0x00000000d6100000,0x00000000da2e65c8,0x00000000da480000)
  from space 12288K, 0% used [0x00000000da480000,0x00000000da480000,0x00000000db080000)
  to   space 11776K, 64% used [0x00000000dc980000,0x00000000dd0f19d8,0x00000000dd500000)
 ParOldGen       total 436736K, used 385075K [0x0000000082200000, 0x000000009cc80000, 0x00000000d6100000)
  object space 436736K, 88% used [0x0000000082200000,0x0000000099a0cf98,0x000000009cc80000)
 Metaspace       used 29409K, capacity 30606K, committed 30976K, reserved 1075200K
  class space    used 3877K, capacity 4495K, committed 4608K, reserved 1048576K
}
Event: 59.918 GC heap before
{Heap before GC invocations=20 (full 10):
 PSYoungGen      total 81408K, used 69120K [0x00000000d6100000, 0x00000000dd500000, 0x0000000100000000)
  eden space 69120K, 100% used [0x00000000d6100000,0x00000000da480000,0x00000000da480000)
  from space 12288K, 0% used [0x00000000da480000,0x00000000da480000,0x00000000db080000)
  to   space 11776K, 64% used [0x00000000dc980000,0x00000000dd0f19d8,0x00000000dd500000)
 ParOldGen       total 436736K, used 385075K [0x0000000082200000, 0x000000009cc80000, 0x00000000d6100000)
  object space 436736K, 88% used [0x0000000082200000,0x0000000099a0cf98,0x000000009cc80000)
 Metaspace       used 29474K, capacity 30670K, committed 30976K, reserved 1075200K
  class space    used 3877K, capacity 4495K, committed 4608K, reserved 1048576K
Event: 60.045 GC heap after
Heap after GC invocations=20 (full 10):
 PSYoungGen      total 81408K, used 67418K [0x00000000d6100000, 0x00000000dd500000, 0x0000000100000000)
  eden space 69120K, 97% used [0x00000000d6100000,0x00000000da2d6a50,0x00000000da480000)
  from space 12288K, 0% used [0x00000000da480000,0x00000000da480000,0x00000000db080000)
  to   space 11776K, 64% used [0x00000000dc980000,0x00000000dd0f1998,0x00000000dd500000)
 ParOldGen       total 436736K, used 385074K [0x0000000082200000, 0x000000009cc80000, 0x00000000d6100000)
  object space 436736K, 88% used [0x0000000082200000,0x0000000099a0cbe0,0x000000009cc80000)
 Metaspace       used 29474K, capacity 30670K, committed 30976K, reserved 1075200K
  class space    used 3877K, capacity 4495K, committed 4608K, reserved 1048576K
}
Event: 77.734 GC heap before
{Heap before GC invocations=21 (full 11):
 PSYoungGen      total 81408K, used 68708K [0x00000000d6100000, 0x00000000dd500000, 0x0000000100000000)
  eden space 69120K, 99% used [0x00000000d6100000,0x00000000da419020,0x00000000da480000)
  from space 12288K, 0% used [0x00000000da480000,0x00000000da480000,0x00000000db080000)
  to   space 11776K, 64% used [0x00000000dc980000,0x00000000dd0f1998,0x00000000dd500000)
 ParOldGen       total 436736K, used 385074K [0x0000000082200000, 0x000000009cc80000, 0x00000000d6100000)
  object space 436736K, 88% used [0x0000000082200000,0x0000000099a0cbe0,0x000000009cc80000)
 Metaspace       used 29507K, capacity 30670K, committed 30976K, reserved 1075200K
  class space    used 3877K, capacity 4495K, committed 4608K, reserved 1048576K
Event: 78.122 GC heap after
Heap after GC invocations=21 (full 11):
 PSYoungGen      total 81408K, used 67421K [0x00000000d6100000, 0x00000000dd500000, 0x0000000100000000)
  eden space 69120K, 97% used [0x00000000d6100000,0x00000000da2d7638,0x00000000da480000)
  from space 12288K, 0% used [0x00000000da480000,0x00000000da480000,0x00000000db080000)
  to   space 11776K, 64% used [0x00000000dc980000,0x00000000dd0f1998,0x00000000dd500000)
 ParOldGen       total 436736K, used 381786K [0x0000000082200000, 0x000000009cc80000, 0x00000000d6100000)
  object space 436736K, 87% used [0x0000000082200000,0x00000000996d6818,0x000000009cc80000)
 Metaspace       used 29507K, capacity 30670K, committed 30976K, reserved 1075200K
  class space    used 3877K, capacity 4495K, committed 4608K, reserved 1048576K
}
Event: 108.828 GC heap before
{Heap before GC invocations=22 (full 12):
 PSYoungGen      total 81408K, used 69120K [0x00000000d6100000, 0x00000000dd500000, 0x0000000100000000)
  eden space 69120K, 100% used [0x00000000d6100000,0x00000000da480000,0x00000000da480000)
  from space 12288K, 0% used [0x00000000da480000,0x00000000da480000,0x00000000db080000)
  to   space 11776K, 64% used [0x00000000dc980000,0x00000000dd0f1998,0x00000000dd500000)
 ParOldGen       total 436736K, used 412016K [0x0000000082200000, 0x000000009cc80000, 0x00000000d6100000)
  object space 436736K, 94% used [0x0000000082200000,0x000000009b45c340,0x000000009cc80000)
 Metaspace       used 29573K, capacity 30756K, committed 30976K, reserved 1075200K
  class space    used 3881K, capacity 4500K, committed 4608K, reserved 1048576K
Event: 108.938 GC heap after
Heap after GC invocations=22 (full 12):
 PSYoungGen      total 81408K, used 67446K [0x00000000d6100000, 0x00000000dd500000, 0x0000000100000000)
  eden space 69120K, 97% used [0x00000000d6100000,0x00000000da2ddbf8,0x00000000da480000)
  from space 12288K, 0% used [0x00000000da480000,0x00000000da480000,0x00000000db080000)
  to   space 11776K, 64% used [0x00000000dc980000,0x00000000dd0f1998,0x00000000dd500000)
 ParOldGen       total 1335296K, used 393758K [0x0000000082200000, 0x00000000d3a00000, 0x00000000d6100000)
  object space 1335296K, 29% used [0x0000000082200000,0x000000009a2879d8,0x00000000d3a00000)
 Metaspace       used 29573K, capacity 30756K, committed 30976K, reserved 1075200K
  class space    used 3881K, capacity 4500K, committed 4608K, reserved 1048576K
}
Event: 121.347 GC heap before
{Heap before GC invocations=23 (full 13):
 PSYoungGen      total 81408K, used 69120K [0x00000000d6100000, 0x00000000dd500000, 0x0000000100000000)
  eden space 69120K, 100% used [0x00000000d6100000,0x00000000da480000,0x00000000da480000)
  from space 12288K, 0% used [0x00000000da480000,0x00000000da480000,0x00000000db080000)
  to   space 11776K, 64% used [0x00000000dc980000,0x00000000dd0f1998,0x00000000dd500000)
 ParOldGen       total 1335296K, used 534383K [0x0000000082200000, 0x00000000d3a00000, 0x00000000d6100000)
  object space 1335296K, 40% used [0x0000000082200000,0x00000000a2bdbde8,0x00000000d3a00000)
 Metaspace       used 29585K, capacity 30768K, committed 30976K, reserved 1075200K
  class space    used 3882K, capacity 4502K, committed 4608K, reserved 1048576K
Event: 121.419 GC heap after
Heap after GC invocations=23 (full 13):
 PSYoungGen      total 81408K, used 0K [0x00000000d6100000, 0x00000000dd500000, 0x0000000100000000)
  eden space 69120K, 0% used [0x00000000d6100000,0x00000000d6100000,0x00000000da480000)
  from space 12288K, 0% used [0x00000000da480000,0x00000000da480000,0x00000000db080000)
  to   space 11776K, 0% used [0x00000000dc980000,0x00000000dc980000,0x00000000dd500000)
 ParOldGen       total 1375232K, used 609616K [0x0000000082200000, 0x00000000d6100000, 0x00000000d6100000)
  object space 1375232K, 44% used [0x0000000082200000,0x00000000a7554300,0x00000000d6100000)
 Metaspace       used 29585K, capacity 30768K, committed 30976K, reserved 1075200K
  class space    used 3882K, capacity 4502K, committed 4608K, reserved 1048576K
}

