# JRE version: Java(TM) SE Runtime Environment (8.0_202-b08) (build 1.8.0_202-b08)
# Java VM: Java HotSpot(TM) 64-Bit Server VM (25.202-b08 mixed mode windows-amd64 compressed oops)
Heap:
 PSYoungGen      total 37888K, used 26234K [0x00000000d6100000, 0x00000000d8b00000, 0x0000000100000000)
  eden space 32768K, 68% used [0x00000000d6100000,0x00000000d76c7fa8,0x00000000d8100000)
  from space 5120K, 76% used [0x00000000d8600000,0x00000000d89d6af8,0x00000000d8b00000)
  to   space 5120K, 0% used [0x00000000d8100000,0x00000000d8100000,0x00000000d8600000)
 ParOldGen       total 361984K, used 287683K [0x0000000082200000, 0x0000000098380000, 0x00000000d6100000)
  object space 361984K, 79% used [0x0000000082200000,0x0000000093af0c68,0x0000000098380000)
 Metaspace       used 26516K, capacity 27366K, committed 27568K, reserved 1073152K
  class space    used 3619K, capacity 3946K, committed 4016K, reserved 1048576K
GC Heap History (10 events):
Event: 2.008 GC heap before
{Heap before GC invocations=1 (full 0):
 PSYoungGen      total 37888K, used 32768K [0x00000000d6100000, 0x00000000d8b00000, 0x0000000100000000)
  eden space 32768K, 100% used [0x00000000d6100000,0x00000000d8100000,0x00000000d8100000)
  from space 5120K, 0% used [0x00000000d8600000,0x00000000d8600000,0x00000000d8b00000)
  to   space 5120K, 0% used [0x00000000d8100000,0x00000000d8100000,0x00000000d8600000)
 ParOldGen       total 86016K, used 0K [0x0000000082200000, 0x0000000087600000, 0x00000000d6100000)
  object space 86016K, 0% used [0x0000000082200000,0x0000000082200000,0x0000000087600000)
 Metaspace       used 10041K, capacity 10140K, committed 10496K, reserved 1058816K
  class space    used 1183K, capacity 1202K, committed 1280K, reserved 1048576K
Event: 2.016 GC heap after
Heap after GC invocations=1 (full 0):
 PSYoungGen      total 37888K, used 4717K [0x00000000d6100000, 0x00000000d8b00000, 0x0000000100000000)
  eden space 32768K, 0% used [0x00000000d6100000,0x00000000d6100000,0x00000000d8100000)
  from space 5120K, 92% used [0x00000000d8100000,0x00000000d859b688,0x00000000d8600000)
  to   space 5120K, 0% used [0x00000000d8600000,0x00000000d8600000,0x00000000d8b00000)
 ParOldGen       total 86016K, used 8K [0x0000000082200000, 0x0000000087600000, 0x00000000d6100000)
  object space 86016K, 0% used [0x0000000082200000,0x0000000082202000,0x0000000087600000)
 Metaspace       used 10041K, capacity 10140K, committed 10496K, reserved 1058816K
  class space    used 1183K, capacity 1202K, committed 1280K, reserved 1048576K
}
Event: 4.218 GC heap before
{Heap before GC invocations=2 (full 0):
 PSYoungGen      total 37888K, used 37485K [0x00000000d6100000, 0x00000000d8b00000, 0x0000000100000000)
  eden space 32768K, 100% used [0x00000000d6100000,0x00000000d8100000,0x00000000d8100000)
  from space 5120K, 92% used [0x00000000d8100000,0x00000000d859b688,0x00000000d8600000)
  to   space 5120K, 0% used [0x00000000d8600000,0x00000000d8600000,0x00000000d8b00000)
 ParOldGen       total 86016K, used 8K [0x0000000082200000, 0x0000000087600000, 0x00000000d6100000)
  object space 86016K, 0% used [0x0000000082200000,0x0000000082202000,0x0000000087600000)
 Metaspace       used 15587K, capacity 15878K, committed 16128K, reserved 1062912K
  class space    used 1830K, capacity 1984K, committed 2048K, reserved 1048576K
Event: 4.230 GC heap after
Heap after GC invocations=2 (full 0):
 PSYoungGen      total 37888K, used 5112K [0x00000000d6100000, 0x00000000d8b00000, 0x0000000100000000)
  eden space 32768K, 0% used [0x00000000d6100000,0x00000000d6100000,0x00000000d8100000)
  from space 5120K, 99% used [0x00000000d8600000,0x00000000d8afe060,0x00000000d8b00000)
  to   space 5120K, 0% used [0x00000000d8100000,0x00000000d8100000,0x00000000d8600000)
 ParOldGen       total 86016K, used 2743K [0x0000000082200000, 0x0000000087600000, 0x00000000d6100000)
  object space 86016K, 3% used [0x0000000082200000,0x00000000824adcf0,0x0000000087600000)
 Metaspace       used 15587K, capacity 15878K, committed 16128K, reserved 1062912K
  class space    used 1830K, capacity 1984K, committed 2048K, reserved 1048576K
}
Event: 5.536 GC heap before
{Heap before GC invocations=3 (full 0):
 PSYoungGen      total 37888K, used 21043K [0x00000000d6100000, 0x00000000d8b00000, 0x0000000100000000)
  eden space 32768K, 48% used [0x00000000d6100000,0x00000000d708ec80,0x00000000d8100000)
  from space 5120K, 99% used [0x00000000d8600000,0x00000000d8afe060,0x00000000d8b00000)
  to   space 5120K, 0% used [0x00000000d8100000,0x00000000d8100000,0x00000000d8600000)
 ParOldGen       total 226816K, used 143368K [0x0000000082200000, 0x000000008ff80000, 0x00000000d6100000)
  object space 226816K, 63% used [0x0000000082200000,0x000000008ae02100,0x000000008ff80000)
 Metaspace       used 20678K, capacity 21166K, committed 21296K, reserved 1067008K
  class space    used 2582K, capacity 2817K, committed 2864K, reserved 1048576K
Event: 5.542 GC heap after
Heap after GC invocations=3 (full 0):
 PSYoungGen      total 37888K, used 5112K [0x00000000d6100000, 0x00000000d8b00000, 0x0000000100000000)
  eden space 32768K, 0% used [0x00000000d6100000,0x00000000d6100000,0x00000000d8100000)
  from space 5120K, 99% used [0x00000000d8100000,0x00000000d85fe080,0x00000000d8600000)
  to   space 5120K, 0% used [0x00000000d8600000,0x00000000d8600000,0x00000000d8b00000)
 ParOldGen       total 226816K, used 144628K [0x0000000082200000, 0x000000008ff80000, 0x00000000d6100000)
  object space 226816K, 63% used [0x0000000082200000,0x000000008af3d318,0x000000008ff80000)
 Metaspace       used 20678K, capacity 21166K, committed 21296K, reserved 1067008K
  class space    used 2582K, capacity 2817K, committed 2864K, reserved 1048576K
}
Event: 5.542 GC heap before
{Heap before GC invocations=4 (full 1):
 PSYoungGen      total 37888K, used 5112K [0x00000000d6100000, 0x00000000d8b00000, 0x0000000100000000)
  eden space 32768K, 0% used [0x00000000d6100000,0x00000000d6100000,0x00000000d8100000)
  from space 5120K, 99% used [0x00000000d8100000,0x00000000d85fe080,0x00000000d8600000)
  to   space 5120K, 0% used [0x00000000d8600000,0x00000000d8600000,0x00000000d8b00000)
 ParOldGen       total 226816K, used 144628K [0x0000000082200000, 0x000000008ff80000, 0x00000000d6100000)
  object space 226816K, 63% used [0x0000000082200000,0x000000008af3d318,0x000000008ff80000)
 Metaspace       used 20678K, capacity 21166K, committed 21296K, reserved 1067008K
  class space    used 2582K, capacity 2817K, committed 2864K, reserved 1048576K
Event: 5.586 GC heap after
Heap after GC invocations=4 (full 1):
 PSYoungGen      total 37888K, used 0K [0x00000000d6100000, 0x00000000d8b00000, 0x0000000100000000)
  eden space 32768K, 0% used [0x00000000d6100000,0x00000000d6100000,0x00000000d8100000)
  from space 5120K, 0% used [0x00000000d8100000,0x00000000d8100000,0x00000000d8600000)
  to   space 5120K, 0% used [0x00000000d8600000,0x00000000d8600000,0x00000000d8b00000)
 ParOldGen       total 221184K, used 146903K [0x0000000082200000, 0x000000008fa00000, 0x00000000d6100000)
  object space 221184K, 66% used [0x0000000082200000,0x000000008b175e40,0x000000008fa00000)
 Metaspace       used 20678K, capacity 21166K, committed 21296K, reserved 1067008K
  class space    used 2582K, capacity 2817K, committed 2864K, reserved 1048576K
}
Event: 13.342 GC heap before
{Heap before GC invocations=5 (full 1):
 PSYoungGen      total 37888K, used 26859K [0x00000000d6100000, 0x00000000d8b00000, 0x0000000100000000)
  eden space 32768K, 81% used [0x00000000d6100000,0x00000000d7b3ae78,0x00000000d8100000)
  from space 5120K, 0% used [0x00000000d8100000,0x00000000d8100000,0x00000000d8600000)
  to   space 5120K, 0% used [0x00000000d8600000,0x00000000d8600000,0x00000000d8b00000)
 ParOldGen       total 361984K, used 287675K [0x0000000082200000, 0x0000000098380000, 0x00000000d6100000)
  object space 361984K, 79% used [0x0000000082200000,0x0000000093aeec68,0x0000000098380000)
 Metaspace       used 26511K, capacity 27366K, committed 27568K, reserved 1073152K
  class space    used 3619K, capacity 3946K, committed 4016K, reserved 1048576K
Event: 13.358 GC heap after
Heap after GC invocations=5 (full 1):
 PSYoungGen      total 37888K, used 3930K [0x00000000d6100000, 0x00000000d8b00000, 0x0000000100000000)
  eden space 32768K, 0% used [0x00000000d6100000,0x00000000d6100000,0x00000000d8100000)
  from space 5120K, 76% used [0x00000000d8600000,0x00000000d89d6af8,0x00000000d8b00000)
  to   space 5120K, 0% used [0x00000000d8100000,0x00000000d8100000,0x00000000d8600000)
 ParOldGen       total 361984K, used 287683K [0x0000000082200000, 0x0000000098380000, 0x00000000d6100000)
  object space 361984K, 79% used [0x0000000082200000,0x0000000093af0c68,0x0000000098380000)
 Metaspace       used 26511K, capacity 27366K, committed 27568K, reserved 1073152K
  class space    used 3619K, capacity 3946K, committed 4016K, reserved 1048576K
}

